			  WARNING - ### RUN 1 ### (INSTALLED AUTO START)
2025-01-24 22:52:06,526 - WARNING - CHROME.EXE-AED7BA3C | Last Run: 2025-01-24 21:32:51 | Run Count: 1
2025-01-24 22:52:06,526 - WARNING - CHROME.EXE-AED7BA3D | Last Run: 2025-01-24 21:45:43 | Run Count: 7
2025-01-24 22:52:06,527 - WARNING - CHROME.EXE-AED7BA3E | Last Run: 2025-01-24 21:33:02 | Run Count: 2
2025-01-24 22:52:06,527 - WARNING - CHROME.EXE-AED7BA40 | Last Run: 2025-01-24 21:32:51 | Run Count: 1
2025-01-24 22:52:06,527 - WARNING - CHROME.EXE-AED7BA45 | Last Run: 2025-01-24 21:33:04 | Run Count: 3
2025-01-24 22:52:06,527 - WARNING - CHROME.EXE-AED7BA47 | Last Run: 2025-01-24 21:32:58 | Run Count: 1
2025-01-24 22:52:06,528 - WARNING - CHROME.EXE-AED7BA49 | Last Run: 2025-01-24 21:32:58 | Run Count: 1
2025-01-24 22:52:06,528 - WARNING - CHROME.EXE-AED7BA4A | Last Run: 2025-01-24 21:33:09 | Run Count: 10

			  WARNING - ### RUN 2 ###
2025-01-24 22:56:36,104 - WARNING - CHROME.EXE-AED7BA3C | Last Run: 2025-01-24 21:55:36 | Run Count: 2
2025-01-24 22:56:36,105 - WARNING - CHROME.EXE-AED7BA3D | Last Run: 2025-01-24 21:55:38 | Run Count: 9
2025-01-24 22:56:36,105 - WARNING - CHROME.EXE-AED7BA3E | Last Run: 2025-01-24 21:55:39 | Run Count: 6
2025-01-24 22:56:36,105 - WARNING - CHROME.EXE-AED7BA40 | Last Run: 2025-01-24 21:55:36 | Run Count: 2
2025-01-24 22:56:36,105 - WARNING - CHROME.EXE-AED7BA45 | Last Run: 2025-01-24 21:33:04 | Run Count: 3
2025-01-24 22:56:36,105 - WARNING - CHROME.EXE-AED7BA47 | Last Run: 2025-01-24 21:55:37 | Run Count: 2
2025-01-24 22:56:36,105 - WARNING - CHROME.EXE-AED7BA49 | Last Run: 2025-01-24 21:55:37 | Run Count: 2
2025-01-24 22:56:36,106 - WARNING - CHROME.EXE-AED7BA4A | Last Run: 2025-01-24 21:55:40 | Run Count: 11

			  WARNING - ### RUN 3 ###
2025-01-24 22:59:26,527 - WARNING - CHROME.EXE-AED7BA3C | Last Run: 2025-01-24 21:55:36 | Run Count: 2
2025-01-24 22:59:26,527 - WARNING - CHROME.EXE-AED7BA3D | Last Run: 2025-01-24 21:58:28 | Run Count: 11
2025-01-24 22:59:26,527 - WARNING - CHROME.EXE-AED7BA3E | Last Run: 2025-01-24 21:58:29 | Run Count: 10
2025-01-24 22:59:26,528 - WARNING - CHROME.EXE-AED7BA40 | Last Run: 2025-01-24 21:58:27 | Run Count: 3
2025-01-24 22:59:26,528 - WARNING - CHROME.EXE-AED7BA45 | Last Run: 2025-01-24 21:33:04 | Run Count: 3
2025-01-24 22:59:26,528 - WARNING - CHROME.EXE-AED7BA47 | Last Run: 2025-01-24 21:58:27 | Run Count: 3
2025-01-24 22:59:26,528 - WARNING - CHROME.EXE-AED7BA49 | Last Run: 2025-01-24 21:58:27 | Run Count: 3
2025-01-24 22:59:26,529 - WARNING - CHROME.EXE-AED7BA4A | Last Run: 2025-01-24 21:58:31 | Run Count: 12

			  WARNING - ### RUN 4 ###
2025-01-24 23:04:49,757 - WARNING - CHROME.EXE-AED7BA3C | Last Run: 2025-01-24 22:04:03 | Run Count: 3
2025-01-24 23:04:49,757 - WARNING - CHROME.EXE-AED7BA3D | Last Run: 2025-01-24 22:04:04 | Run Count: 12
2025-01-24 23:04:49,758 - WARNING - CHROME.EXE-AED7BA3E | Last Run: 2025-01-24 22:04:04 | Run Count: 11
2025-01-24 23:04:49,758 - WARNING - CHROME.EXE-AED7BA40 | Last Run: 2025-01-24 22:04:03 | Run Count: 4
2025-01-24 23:04:49,759 - WARNING - CHROME.EXE-AED7BA45 | Last Run: 2025-01-24 21:33:04 | Run Count: 3
2025-01-24 23:04:49,760 - WARNING - CHROME.EXE-AED7BA47 | Last Run: 2025-01-24 22:04:04 | Run Count: 4
2025-01-24 23:04:49,760 - WARNING - CHROME.EXE-AED7BA49 | Last Run: 2025-01-24 22:04:04 | Run Count: 4
2025-01-24 23:04:49,760 - WARNING - CHROME.EXE-AED7BA4A | Last Run: 2025-01-24 22:04:07 | Run Count: 13

			  WARNING - ### RUN 5 ###
2025-01-24 23:07:38,674 - WARNING - CHROME.EXE-AED7BA3C | Last Run: 2025-01-24 22:04:03 | Run Count: 3
2025-01-24 23:07:38,674 - WARNING - CHROME.EXE-AED7BA3D | Last Run: 2025-01-24 22:06:41 | Run Count: 13 
2025-01-24 23:07:38,674 - WARNING - CHROME.EXE-AED7BA3E | Last Run: 2025-01-24 22:06:40 | Run Count: 12 
2025-01-24 23:07:38,675 - WARNING - CHROME.EXE-AED7BA40 | Last Run: 2025-01-24 22:06:40 | Run Count: 5 
2025-01-24 23:07:38,675 - WARNING - CHROME.EXE-AED7BA45 | Last Run: 2025-01-24 21:33:04 | Run Count: 3 
2025-01-24 23:07:38,675 - WARNING - CHROME.EXE-AED7BA47 | Last Run: 2025-01-24 22:06:40 | Run Count: 5 
2025-01-24 23:07:38,675 - WARNING - CHROME.EXE-AED7BA49 | Last Run: 2025-01-24 22:06:40 | Run Count: 5 
2025-01-24 23:07:38,675 - WARNING - CHROME.EXE-AED7BA4A | Last Run: 2025-01-24 22:06:45 | Run Count: 14

			  WARNING - ### RUN 6 ###
2025-01-24 23:12:25,318 - WARNING - CHROME.EXE-AED7BA3C | Last Run: 2025-01-24 22:04:03 | Run Count: 3
2025-01-24 23:12:25,319 - WARNING - CHROME.EXE-AED7BA3D | Last Run: 2025-01-24 22:11:20 | Run Count: 14
2025-01-24 23:12:25,319 - WARNING - CHROME.EXE-AED7BA3E | Last Run: 2025-01-24 22:11:20 | Run Count: 13
2025-01-24 23:12:25,319 - WARNING - CHROME.EXE-AED7BA40 | Last Run: 2025-01-24 22:11:19 | Run Count: 6
2025-01-24 23:12:25,320 - WARNING - CHROME.EXE-AED7BA45 | Last Run: 2025-01-24 21:33:04 | Run Count: 3
2025-01-24 23:12:25,320 - WARNING - CHROME.EXE-AED7BA47 | Last Run: 2025-01-24 22:11:20 | Run Count: 6
2025-01-24 23:12:25,321 - WARNING - CHROME.EXE-AED7BA49 | Last Run: 2025-01-24 22:11:20 | Run Count: 6
2025-01-24 23:12:25,321 - WARNING - CHROME.EXE-AED7BA4A | Last Run: 2025-01-24 22:11:23 | Run Count: 15

			  WARNING - ### RUN 7 ###
2025-01-24 23:15:51,410 - WARNING - CHROME.EXE-AED7BA3C | Last Run: 2025-01-24 22:04:03 | Run Count: 3
2025-01-24 23:15:51,410 - WARNING - CHROME.EXE-AED7BA3D | Last Run: 2025-01-24 22:14:58 | Run Count: 15 
2025-01-24 23:15:51,411 - WARNING - CHROME.EXE-AED7BA3E | Last Run: 2025-01-24 22:14:58 | Run Count: 14 
2025-01-24 23:15:51,411 - WARNING - CHROME.EXE-AED7BA40 | Last Run: 2025-01-24 22:14:58 | Run Count: 7 
2025-01-24 23:15:51,412 - WARNING - CHROME.EXE-AED7BA45 | Last Run: 2025-01-24 21:33:04 | Run Count: 3
2025-01-24 23:15:51,412 - WARNING - CHROME.EXE-AED7BA47 | Last Run: 2025-01-24 22:14:58 | Run Count: 7 
2025-01-24 23:15:51,412 - WARNING - CHROME.EXE-AED7BA49 | Last Run: 2025-01-24 22:14:58 | Run Count: 7 
2025-01-24 23:15:51,412 - WARNING - CHROME.EXE-AED7BA4A | Last Run: 2025-01-24 22:15:02 | Run Count: 16 
2025-01-24 23:50:55,373 - WARNING - CHROME.EXE-AED7BA3C | Last Run: 2025-01-24 22:50:30 | Run Count: 4
2025-01-24 23:50:55,373 - WARNING - CHROME.EXE-AED7BA3D | Last Run: 2025-01-24 22:50:31 | Run Count: 17
2025-01-24 23:50:55,374 - WARNING - CHROME.EXE-AED7BA3E | Last Run: 2025-01-24 22:50:30 | Run Count: 15
2025-01-24 23:50:55,374 - WARNING - CHROME.EXE-AED7BA40 | Last Run: 2025-01-24 22:50:30 | Run Count: 8
2025-01-24 23:50:55,374 - WARNING - CHROME.EXE-AED7BA45 | Last Run: 2025-01-24 21:33:04 | Run Count: 3
2025-01-24 23:50:55,375 - WARNING - CHROME.EXE-AED7BA47 | Last Run: 2025-01-24 22:50:30 | Run Count: 8
2025-01-24 23:50:55,375 - WARNING - CHROME.EXE-AED7BA49 | Last Run: 2025-01-24 22:50:30 | Run Count: 8
2025-01-24 23:50:55,376 - WARNING - CHROME.EXE-AED7BA4A | Last Run: 2025-01-24 22:50:34 | Run Count: 17

2025-01-24 23:50:55,390 - WARNING - ### RUN 9 ###
2025-01-24 23:51:18,524 - WARNING - CHROME.EXE-AED7BA3C | Last Run: 2025-01-24 22:50:30 | Run Count: 4
2025-01-24 23:51:18,525 - WARNING - CHROME.EXE-AED7BA3D | Last Run: 2025-01-24 22:50:31 | Run Count: 17
2025-01-24 23:51:18,525 - WARNING - CHROME.EXE-AED7BA3E | Last Run: 2025-01-24 22:50:30 | Run Count: 15
2025-01-24 23:51:18,525 - WARNING - CHROME.EXE-AED7BA40 | Last Run: 2025-01-24 22:50:55 | Run Count: 9
2025-01-24 23:51:18,526 - WARNING - CHROME.EXE-AED7BA45 | Last Run: 2025-01-24 21:33:04 | Run Count: 3
2025-01-24 23:51:18,526 - WARNING - CHROME.EXE-AED7BA47 | Last Run: 2025-01-24 22:50:55 | Run Count: 9
2025-01-24 23:51:18,526 - WARNING - CHROME.EXE-AED7BA49 | Last Run: 2025-01-24 22:50:55 | Run Count: 9
2025-01-24 23:51:18,527 - WARNING - CHROME.EXE-AED7BA4A | Last Run: 2025-01-24 22:50:34 | Run Count: 17
